\BOOKMARK [0][-]{chapter*.2}{\376\377\000L\000a\000s\000t\000\040\000u\000p\000d\000a\000t\000e}{}% 1
\BOOKMARK [0][-]{chapter.1}{\376\377\000R\000\040\000M\000a\000r\000k\000d\000o\000w\000n\000\040\000B\000a\000s\000i\000c\000s}{}% 2
\BOOKMARK [1][-]{section.1.1}{\376\377\000L\000i\000s\000t\000s}{chapter.1}% 3
\BOOKMARK [1][-]{section.1.2}{\376\377\000L\000i\000n\000e\000\040\000b\000r\000e\000a\000k\000s}{chapter.1}% 4
\BOOKMARK [1][-]{section.1.3}{\376\377\000F\000o\000n\000t\000\040\000s\000y\000n\000t\000a\000x}{chapter.1}% 5
\BOOKMARK [1][-]{section.1.4}{\376\377\000R\000\040\000c\000h\000u\000n\000k\000s}{chapter.1}% 6
\BOOKMARK [2][-]{subsection.1.4.1}{\376\377\000C\000h\000u\000n\000k\000\040\000o\000p\000t\000i\000o\000n\000s}{section.1.4}% 7
\BOOKMARK [3][-]{subsubsection.1.4.1.1}{\376\377\000G\000l\000o\000b\000a\000l\000\040\000o\000p\000t\000i\000o\000n\000s}{subsection.1.4.1}% 8
\BOOKMARK [3][-]{subsubsection.1.4.1.2}{\376\377\000I\000n\000d\000i\000v\000i\000d\000u\000a\000l\000\040\000o\000p\000t\000i\000o\000n\000s}{subsection.1.4.1}% 9
\BOOKMARK [3][-]{subsubsection.1.4.1.3}{\376\377\000S\000o\000m\000e\000\040\000c\000h\000u\000n\000k\000\040\000o\000p\000t\000i\000o\000n\000s}{subsection.1.4.1}% 10
\BOOKMARK [1][-]{section.1.5}{\376\377\000I\000n\000l\000i\000n\000e\000\040\000c\000o\000d\000e}{chapter.1}% 11
\BOOKMARK [0][-]{chapter.2}{\376\377\000M\000a\000t\000h\000\040\000e\000x\000p\000r\000e\000s\000s\000i\000o\000n\000s}{}% 12
\BOOKMARK [1][-]{section.2.1}{\376\377\000I\000n\000l\000i\000n\000e\000\040\000e\000q\000u\000a\000t\000i\000o\000n\000s}{chapter.2}% 13
\BOOKMARK [1][-]{section.2.2}{\376\377\000M\000a\000t\000h\000\040\000e\000n\000v\000i\000r\000o\000n\000m\000e\000n\000t\000s}{chapter.2}% 14
\BOOKMARK [2][-]{subsection.2.2.1}{\376\377\000E\000q\000u\000a\000t\000i\000o\000n}{section.2.2}% 15
\BOOKMARK [2][-]{subsection.2.2.2}{\376\377\000M\000a\000t\000r\000i\000x}{section.2.2}% 16
\BOOKMARK [1][-]{section.2.3}{\376\377\000L\000y\000X\000\040\000f\000o\000r\000\040\000m\000a\000t\000h\000e\000m\000a\000t\000i\000c\000a\000l\000\040\000e\000x\000p\000r\000e\000s\000s\000i\000o\000n\000s}{chapter.2}% 17
\BOOKMARK [1][-]{section.2.4}{\376\377\000R\000e\000f\000e\000r\000e\000n\000c\000e\000s}{chapter.2}% 18
\BOOKMARK [0][-]{chapter.3}{\376\377\000T\000a\000b\000l\000e\000s}{}% 19
\BOOKMARK [1][-]{subsection.3.0.1}{\376\377\000P\000a\000c\000k\000a\000g\000e\000\040\000k\000a\000b\000l\000e}{chapter.3}% 20
\BOOKMARK [2][-]{subsection.3.0.2}{\376\377\000P\000a\000c\000k\000a\000g\000e\000\040\000x\000t\000a\000b\000l\000e}{subsection.3.0.1}% 21
\BOOKMARK [2][-]{subsection.3.0.3}{\376\377\000L\000y\000X\000\040\000f\000o\000r\000\040\000t\000a\000b\000l\000e}{subsection.3.0.1}% 22
\BOOKMARK [2][-]{subsection.3.0.4}{\376\377\000R\000e\000f\000e\000r\000e\000n\000c\000e\000s}{subsection.3.0.1}% 23
\BOOKMARK [0][-]{chapter.4}{\376\377\000F\000i\000g\000u\000r\000e}{}% 24
\BOOKMARK [1][-]{subsection.4.0.1}{\376\377\000G\000r\000a\000p\000h\000i\000c\000s\000\040\000w\000i\000t\000h\000\040\000R\000\040\000c\000o\000d\000e}{chapter.4}% 25
\BOOKMARK [2][-]{subsection.4.0.2}{\376\377\000I\000n\000s\000e\000r\000t\000i\000n\000g\000\040\000f\000i\000g\000u\000r\000e\000s\000\040\000e\000x\000t\000e\000r\000n\000a\000l\000\040\000t\000o\000\040\000R}{subsection.4.0.1}% 26
\BOOKMARK [3][-]{subsubsection.4.0.2.1}{\376\377\000R\000\040\000c\000h\000u\000n\000k}{subsection.4.0.2}% 27
\BOOKMARK [3][-]{subsubsection.4.0.2.2}{\376\377\000L\000a\000t\000e\000x\000\040\000c\000o\000d\000e}{subsection.4.0.2}% 28
\BOOKMARK [1][-]{section.4.1}{\376\377\000R\000e\000f\000e\000r\000e\000n\000c\000e\000s}{chapter.4}% 29
\BOOKMARK [0][-]{chapter.5}{\376\377\000B\000i\000b\000l\000i\000o\000g\000r\000a\000p\000h\000i\000e\000s}{}% 30
\BOOKMARK [1][-]{section.5.1}{\376\377\000F\000i\000l\000e\000\040\000f\000o\000r\000m\000a\000t}{chapter.5}% 31
\BOOKMARK [1][-]{section.5.2}{\376\377\000C\000i\000t\000a\000t\000i\000o\000n\000s\000\040\000a\000n\000d\000\040\000r\000e\000f\000e\000r\000e\000n\000c\000e\000s}{chapter.5}% 32
\BOOKMARK [2][-]{subsection.5.2.1}{\376\377\000C\000i\000t\000a\000t\000i\000o\000n\000s}{section.5.2}% 33
\BOOKMARK [2][-]{subsection.5.2.2}{\376\377\000R\000e\000f\000e\000r\000e\000n\000c\000e\000s}{section.5.2}% 34
\BOOKMARK [1][-]{section.5.3}{\376\377\000M\000a\000n\000a\000g\000i\000n\000g\000\040\000b\000i\000b\000l\000i\000o\000g\000r\000a\000p\000h\000i\000e\000s}{chapter.5}% 35
\BOOKMARK [2][-]{subsection.5.3.1}{\376\377\000U\000s\000i\000n\000g\000\040\000Z\000o\000t\000e\000r\000o}{section.5.3}% 36
\BOOKMARK [1][-]{section.5.4}{\376\377\000R\000e\000f\000e\000r\000e\000n\000c\000e\000s}{chapter.5}% 37
